#
# A fatal error has been detected by the Java Runtime Environment:
#
#  EXCEPTION_ACCESS_VIOLATION (0xc0000005) at pc=0x00007ffff3a4ce0b, pid=2220, tid=0x0000000000001adc
#
# JRE version: Java(TM) SE Runtime Environment (8.0_171-b11) (build 1.8.0_171-b11)
# Java VM: Java HotSpot(TM) 64-Bit Server VM (25.171-b11 mixed mode windows-amd64 compressed oops)
# Problematic frame:
# C  [lwjgl_nanovg.dll+0xce0b]
#
# Failed to write core dump. Minidumps are not enabled by default on client versions of Windows
#
# If you would like to submit a bug report, please visit:
#   http://bugreport.java.com/bugreport/crash.jsp
# The crash happened outside the Java Virtual Machine in native code.
# See problematic frame for where to report the bug.
#

---------------  T H R E A D  ---------------

Current thread (0x00000000027a3800):  JavaThread "main" [_thread_in_native, id=6876, stack(0x0000000002610000,0x0000000002710000)]

siginfo: ExceptionCode=0xc0000005, reading address 0x0000000019bb800c

Registers:
RAX=0x000000000006853c, RBX=0x0000000000000063, RCX=0x0000000000000065, RDX=0x000000000006853c
RSP=0x000000000270e198, RBP=0x000000000270e208, RSI=0x0000000000000003, RDI=0x0000000019b4fad0
R8 =0x00007ffff3a99660, R9 =0x0000000000006853, R10=0x0000000019b4fad0, R11=0x0000000000007065
R12=0x0000000000000000, R13=0x0000000000000100, R14=0x000000001d6206f0, R15=0x000000000000005b
RIP=0x00007ffff3a4ce0b, EFLAGS=0x0000000000010206

Top of Stack: (sp=0x000000000270e198)
0x000000000270e198:   00007ffff3a4d006 0000000000000000
0x000000000270e1a8:   00000000676477df 00000000027a4310
0x000000000270e1b8:   00000000058c5083 00000000058c5083
0x000000000270e1c8:   00000000027a0550 0000000000000000
0x000000000270e1d8:   0000000000000000 000000000000005b
0x000000000270e1e8:   0000000019aa72ca 0000000023ea14c8
0x000000000270e1f8:   0000000000000000 000000001d6206f0
0x000000000270e208:   000000000000005b 0000000019aa72ca
0x000000000270e218:   0000000000000100 0000000000000000
0x000000000270e228:   000000001d6206f0 0000000000000003
0x000000000270e238:   000000001d6277f0 0000000019b4fad0
0x000000000270e248:   00007ffff3a529d6 0000000000000138
0x000000000270e258:   00000000677ee112 00000000ffffffff
0x000000000270e268:   0000000000000000 00000000027a3800
0x000000000270e278:   000000000270e388 0000000023ea14c8
0x000000000270e288:   00000000028c1df0 0000000023ea14c8 

Instructions: (pc=0x00007ffff3a4ce0b)
0x00007ffff3a4cdeb:   74 5c 41 0f be 18 0f 1f 40 00 66 66 66 0f 1f 84
0x00007ffff3a4cdfb:   00 00 00 00 00 41 8b c1 c1 e0 04 83 c0 0c 8b d0
0x00007ffff3a4ce0b:   42 0f b6 04 10 3b c3 75 2d 42 0f b6 4c 12 01 41
0x00007ffff3a4ce1b:   0f be 40 01 3b c8 75 1e 42 0f b6 4c 12 02 41 0f 


Register to memory mapping:

RAX=0x000000000006853c is an unknown value
RBX=0x0000000000000063 is an unknown value
RCX=0x0000000000000065 is an unknown value
RDX=0x000000000006853c is an unknown value
RSP=0x000000000270e198 is pointing into the stack for thread: 0x00000000027a3800
RBP=0x000000000270e208 is pointing into the stack for thread: 0x00000000027a3800
RSI=0x0000000000000003 is an unknown value
RDI=0x0000000019b4fad0 is an unknown value
R8 =0x00007ffff3a99660 is an unknown value
R9 =0x0000000000006853 is an unknown value
R10=0x0000000019b4fad0 is an unknown value
R11=0x0000000000007065 is an unknown value
R12=0x0000000000000000 is an unknown value
R13=0x0000000000000100 is an unknown value
R14=0x000000001d6206f0 is an unknown value
R15=0x000000000000005b is an unknown value


Stack: [0x0000000002610000,0x0000000002710000],  sp=0x000000000270e198,  free space=1016k
Native frames: (J=compiled Java code, j=interpreted, Vv=VM code, C=native code)
C  [lwjgl_nanovg.dll+0xce0b]
C  [lwjgl_nanovg.dll+0xd006]
C  [lwjgl_nanovg.dll+0x129d6]
C  0x00000000028c1df0

Java frames: (J=compiled Java code, j=interpreted, Vv=VM code)
j  org.lwjgl.nanovg.NanoVG.nnvgCreateFontMem(JJJII)I+0
j  org.lwjgl.nanovg.NanoVG.nvgCreateFontMem(JLjava/lang/CharSequence;Ljava/nio/ByteBuffer;I)I+51
j  lwjgui.font.Font.addFallback(JILjava/lang/String;Ljava/nio/ByteBuffer;)V+8
j  lwjgui.font.Font.loadFont(Ljava/lang/String;Ljava/lang/String;Ljava/util/HashMap;)V+125
j  lwjgui.font.Font.getFont(Llwjgui/font/FontStyle;)Ljava/lang/String;+58
j  lwjgui.font.Font.getTextBounds(Llwjgui/scene/Context;Ljava/lang/String;Llwjgui/font/FontStyle;D)[F+14
j  lwjgui.scene.control.Labeled.resize()V+64
j  lwjgui.scene.Node.position(Llwjgui/scene/Node;)V+17
j  lwjgui.scene.Node.updateChildren()V+23
j  lwjgui.scene.Node.position(Llwjgui/scene/Node;)V+13
j  lwjgui.scene.layout.floating.FloatingPane.position(Llwjgui/scene/Node;)V+2
j  nokori.jdialogue.ui.components.dropdown.DropdownMenu.position(Llwjgui/scene/Node;)V+2
j  lwjgui.scene.Node.updateChildren()V+23
j  lwjgui.scene.Node.position(Llwjgui/scene/Node;)V+13
j  lwjgui.scene.layout.floating.FloatingPane.position(Llwjgui/scene/Node;)V+2
j  lwjgui.scene.Node.updateChildren()V+23
j  lwjgui.scene.Node.position(Llwjgui/scene/Node;)V+13
j  lwjgui.scene.layout.Pane.position(Llwjgui/scene/Node;)V+2
j  lwjgui.scene.Node.updateChildren()V+23
j  lwjgui.scene.Node.position(Llwjgui/scene/Node;)V+13
j  lwjgui.scene.Scene.render(Llwjgui/scene/Context;)V+100
j  lwjgui.scene.Window.render()V+225
j  lwjgui.LWJGUI.render()V+100
j  lwjgui.LWJGUIApplication.loop(Llwjgui/scene/Window;)V+7
j  lwjgui.LWJGUIApplication.launch(Llwjgui/LWJGUIApplication;[Ljava/lang/String;)V+63
j  lwjgui.LWJGUIApplication.launch([Ljava/lang/String;)V+126
j  nokori.jdialogue.ui.JDialogueIDECore.main([Ljava/lang/String;)V+1
v  ~StubRoutines::call_stub

---------------  P R O C E S S  ---------------

Java Threads: ( => current thread )
  0x000000001917e000 JavaThread "Service Thread" daemon [_thread_blocked, id=14828, stack(0x0000000019750000,0x0000000019850000)]
  0x0000000019171000 JavaThread "C1 CompilerThread2" daemon [_thread_blocked, id=5516, stack(0x0000000019650000,0x0000000019750000)]
  0x0000000019170800 JavaThread "C2 CompilerThread1" daemon [_thread_blocked, id=4700, stack(0x0000000019550000,0x0000000019650000)]
  0x00000000173e8000 JavaThread "C2 CompilerThread0" daemon [_thread_blocked, id=11880, stack(0x0000000019050000,0x0000000019150000)]
  0x00000000173dc000 JavaThread "JDWP Command Reader" daemon [_thread_in_native, id=12048, stack(0x0000000018f50000,0x0000000019050000)]
  0x00000000173d9000 JavaThread "JDWP Event Helper Thread" daemon [_thread_blocked, id=2864, stack(0x0000000018e50000,0x0000000018f50000)]
  0x00000000173cb800 JavaThread "JDWP Transport Listener: dt_socket" daemon [_thread_blocked, id=3160, stack(0x0000000018d50000,0x0000000018e50000)]
  0x00000000173c1800 JavaThread "Attach Listener" daemon [_thread_blocked, id=1324, stack(0x0000000018910000,0x0000000018a10000)]
  0x00000000173c0000 JavaThread "Signal Dispatcher" daemon [_thread_blocked, id=10456, stack(0x0000000018810000,0x0000000018910000)]
  0x00000000173aa000 JavaThread "Finalizer" daemon [_thread_blocked, id=7692, stack(0x0000000018610000,0x0000000018710000)]
  0x0000000002894000 JavaThread "Reference Handler" daemon [_thread_blocked, id=16212, stack(0x0000000018510000,0x0000000018610000)]
=>0x00000000027a3800 JavaThread "main" [_thread_in_native, id=6876, stack(0x0000000002610000,0x0000000002710000)]

Other Threads:
  0x0000000017386800 VMThread [stack: 0x0000000018410000,0x0000000018510000] [id=5492]
  0x0000000019182000 WatcherThread [stack: 0x0000000019850000,0x0000000019950000] [id=15320]

VM state:not at safepoint (normal execution)

VM Mutex/Monitor currently owned by a thread: None

Heap:
 PSYoungGen      total 38400K, used 24795K [0x00000000d5f80000, 0x00000000d8a00000, 0x0000000100000000)
  eden space 33280K, 74% used [0x00000000d5f80000,0x00000000d77b6e10,0x00000000d8000000)
  from space 5120K, 0% used [0x00000000d8500000,0x00000000d8500000,0x00000000d8a00000)
  to   space 5120K, 0% used [0x00000000d8000000,0x00000000d8000000,0x00000000d8500000)
 ParOldGen       total 87552K, used 0K [0x0000000081e00000, 0x0000000087380000, 0x00000000d5f80000)
  object space 87552K, 0% used [0x0000000081e00000,0x0000000081e00000,0x0000000087380000)
 Metaspace       used 9928K, capacity 10271K, committed 10496K, reserved 1058816K
  class space    used 906K, capacity 1011K, committed 1024K, reserved 1048576K

Card table byte_map: [0x0000000011c60000,0x0000000012060000] byte_map_base: 0x0000000011851000

Marking Bits: (ParMarkBitMap*) 0x0000000067df08c0
 Begin Bits: [0x0000000012710000, 0x0000000014698000)
 End Bits:   [0x0000000014698000, 0x0000000016620000)

Polling page: 0x0000000000b80000

CodeCache: size=245760Kb used=3211Kb max_used=3211Kb free=242548Kb
 bounds [0x00000000028a0000, 0x0000000002bd0000, 0x00000000118a0000]
 total_blobs=1708 nmethods=734 adapters=895
 compilation: enabled

Compilation events (10 events):
Event: 4.889 Thread 0x0000000019171000 nmethod 729 0x0000000002bbc9d0 code [0x0000000002bbcb40, 0x0000000002bbcd68]
Event: 4.889 Thread 0x0000000019171000  730       3       java.lang.ClassLoader::postDefineClass (26 bytes)
Event: 4.890 Thread 0x0000000019171000 nmethod 730 0x0000000002bbce50 code [0x0000000002bbcfe0, 0x0000000002bbd538]
Event: 4.890 Thread 0x0000000019171000  733       3       jdk.internal.org.objectweb.asm.ByteVector::putShort (52 bytes)
Event: 4.890 Thread 0x0000000019171000 nmethod 733 0x0000000002bbd6d0 code [0x0000000002bbd840, 0x0000000002bbdaa8]
Event: 4.890 Thread 0x0000000019171000  732       3       jdk.internal.org.objectweb.asm.MethodWriter::<init> (268 bytes)
Event: 4.890 Thread 0x0000000019171000 nmethod 732 0x0000000002bbdc10 code [0x0000000002bbde40, 0x0000000002bbeb48]
Event: 4.890 Thread 0x0000000019171000  731       3       jdk.internal.org.objectweb.asm.ClassWriter::visitMethod (24 bytes)
Event: 4.891 Thread 0x0000000019171000 nmethod 731 0x0000000002bbf2d0 code [0x0000000002bbf440, 0x0000000002bbf6a8]
Event: 4.898 Thread 0x0000000019171000  734  s    3       java.util.Vector::elementAt (48 bytes)

GC Heap History (0 events):
No events

Deoptimization events (2 events):
Event: 3.332 Thread 0x00000000027a3800 Uncommon trap: reason=unstable_if action=reinterpret pc=0x0000000002a51178 method=java.lang.String.indexOf([CII[CIII)I @ 3
Event: 4.889 Thread 0x00000000027a3800 Uncommon trap: reason=unstable_if action=reinterpret pc=0x0000000002bb59c0 method=jdk.internal.org.objectweb.asm.ByteVector.putShort(I)Ljdk/internal/org/objectweb/asm/ByteVector; @ 13

Classes redefined (0 events):
No events

Internal exceptions (10 events):
Event: 0.038 Thread 0x00000000027a3800 Exception <a 'java/lang/NoSuchMethodError': Method sun.misc.Unsafe.prefetchRead(Ljava/lang/Object;J)V name or signature does not match> (0x00000000d5f87f98) thrown at [C:\re\workspace\8-2-build-windows-amd64-cygwin\jdk8u171\10807\hotspot\src\share\vm\prim
Event: 3.239 Thread 0x00000000027a3800 Exception <a 'java/lang/NoSuchMethodError': java.lang.Object.lambda$static$0(Ljava/lang/String;)Ljava/lang/Boolean;> (0x00000000d62b4ce0) thrown at [C:\re\workspace\8-2-build-windows-amd64-cygwin\jdk8u171\10807\hotspot\src\share\vm\interpreter\linkResolve
Event: 3.251 Thread 0x00000000027a3800 Exception <a 'java/lang/NoSuchFieldError': method resolution failed> (0x00000000d632c9e8) thrown at [C:\re\workspace\8-2-build-windows-amd64-cygwin\jdk8u171\10807\hotspot\src\share\vm\prims\methodHandles.cpp, line 1167]
Event: 3.253 Thread 0x00000000027a3800 Exception <a 'java/lang/NoSuchFieldError': method resolution failed> (0x00000000d6339d68) thrown at [C:\re\workspace\8-2-build-windows-amd64-cygwin\jdk8u171\10807\hotspot\src\share\vm\prims\methodHandles.cpp, line 1167]
Event: 3.293 Thread 0x00000000027a3800 Exception <a 'java/security/PrivilegedActionException'> (0x00000000d6485538) thrown at [C:\re\workspace\8-2-build-windows-amd64-cygwin\jdk8u171\10807\hotspot\src\share\vm\prims\jvm.cpp, line 1435]
Event: 3.294 Thread 0x00000000027a3800 Exception <a 'java/security/PrivilegedActionException'> (0x00000000d6485748) thrown at [C:\re\workspace\8-2-build-windows-amd64-cygwin\jdk8u171\10807\hotspot\src\share\vm\prims\jvm.cpp, line 1435]
Event: 3.294 Thread 0x00000000027a3800 Exception <a 'java/security/PrivilegedActionException'> (0x00000000d6489658) thrown at [C:\re\workspace\8-2-build-windows-amd64-cygwin\jdk8u171\10807\hotspot\src\share\vm\prims\jvm.cpp, line 1435]
Event: 3.294 Thread 0x00000000027a3800 Exception <a 'java/security/PrivilegedActionException'> (0x00000000d6489868) thrown at [C:\re\workspace\8-2-build-windows-amd64-cygwin\jdk8u171\10807\hotspot\src\share\vm\prims\jvm.cpp, line 1435]
Event: 4.490 Thread 0x00000000027a3800 Exception <a 'sun/nio/fs/WindowsException'> (0x00000000d6637e38) thrown at [C:\re\workspace\8-2-build-windows-amd64-cygwin\jdk8u171\10807\hotspot\src\share\vm\prims\jni.cpp, line 709]
Event: 4.490 Thread 0x00000000027a3800 Exception <a 'sun/nio/fs/WindowsException'> (0x00000000d6638648) thrown at [C:\re\workspace\8-2-build-windows-amd64-cygwin\jdk8u171\10807\hotspot\src\share\vm\prims\jni.cpp, line 709]

Events (10 events):
Event: 4.893 Thread 0x00000000027a3800 DEOPT PACKING pc=0x0000000002a2c0f4 sp=0x000000000270da50
Event: 4.893 Thread 0x00000000027a3800 DEOPT UNPACKING pc=0x00000000028e7890 sp=0x000000000270d870 mode 1
Event: 4.895 loading class lwjgui/transition/TransitionManager
Event: 4.895 loading class lwjgui/transition/TransitionManager done
Event: 4.895 Thread 0x00000000027a3800 DEOPT PACKING pc=0x0000000002b2ef01 sp=0x000000000270d800
Event: 4.895 Thread 0x00000000027a3800 DEOPT UNPACKING pc=0x00000000028e7890 sp=0x000000000270d550 mode 1
Event: 4.895 Thread 0x00000000027a3800 DEOPT PACKING pc=0x0000000002a2c35c sp=0x000000000270d880
Event: 4.895 Thread 0x00000000027a3800 DEOPT UNPACKING pc=0x00000000028e7890 sp=0x000000000270d6a0 mode 1
Event: 4.895 Thread 0x00000000027a3800 DEOPT PACKING pc=0x0000000002a2c0f4 sp=0x000000000270da10
Event: 4.895 Thread 0x00000000027a3800 DEOPT UNPACKING pc=0x00000000028e7890 sp=0x000000000270d830 mode 1


Dynamic libraries:
0x00007ff77ea90000 - 0x00007ff77eac7000 	C:\Program Files\Java\jdk1.8.0_171\bin\javaw.exe
0x00007ff823270000 - 0x00007ff82345d000 	C:\WINDOWS\SYSTEM32\ntdll.dll
0x00007ff820310000 - 0x00007ff8203c3000 	C:\WINDOWS\System32\KERNEL32.DLL
0x00007ff81edd0000 - 0x00007ff81f063000 	C:\WINDOWS\System32\KERNELBASE.dll
0x00007ff81fff0000 - 0x00007ff820093000 	C:\WINDOWS\System32\ADVAPI32.dll
0x00007ff821a10000 - 0x00007ff821aae000 	C:\WINDOWS\System32\msvcrt.dll
0x00007ff81fb70000 - 0x00007ff81fc0e000 	C:\WINDOWS\System32\sechost.dll
0x00007ff8226e0000 - 0x00007ff822802000 	C:\WINDOWS\System32\RPCRT4.dll
0x00007ff822e70000 - 0x00007ff823007000 	C:\WINDOWS\System32\USER32.dll
0x00007ff81f2a0000 - 0x00007ff81f2c0000 	C:\WINDOWS\System32\win32u.dll
0x00007ff821e70000 - 0x00007ff821e99000 	C:\WINDOWS\System32\GDI32.dll
0x00007ff81ec30000 - 0x00007ff81edca000 	C:\WINDOWS\System32\gdi32full.dll
0x00007ff81f2c0000 - 0x00007ff81f360000 	C:\WINDOWS\System32\msvcp_win.dll
0x00007ff81f0f0000 - 0x00007ff81f1ec000 	C:\WINDOWS\System32\ucrtbase.dll
0x00007ff800150000 - 0x00007ff8003c9000 	C:\WINDOWS\WinSxS\amd64_microsoft.windows.common-controls_6595b64144ccf1df_6.0.17763.316_none_05b53be2071f46b6\COMCTL32.dll
0x00007ff821b30000 - 0x00007ff821e5d000 	C:\WINDOWS\System32\combase.dll
0x00007ff81f070000 - 0x00007ff81f0ee000 	C:\WINDOWS\System32\bcryptPrimitives.dll
0x00007ff8200a0000 - 0x00007ff8200ce000 	C:\WINDOWS\System32\IMM32.DLL
0x00007ff81db10000 - 0x00007ff81db41000 	C:\WINDOWS\SYSTEM32\ntmarta.dll
0x00007ff81e7d0000 - 0x00007ff81e7ff000 	C:\WINDOWS\SYSTEM32\SspiCli.dll
0x0000000067e70000 - 0x0000000067f42000 	C:\Program Files\Java\jdk1.8.0_171\jre\bin\msvcr100.dll
0x00000000675d0000 - 0x0000000067e70000 	C:\Program Files\Java\jdk1.8.0_171\jre\bin\server\jvm.dll
0x00007ff821e60000 - 0x00007ff821e68000 	C:\WINDOWS\System32\PSAPI.DLL
0x00007ff80a440000 - 0x00007ff80a449000 	C:\WINDOWS\SYSTEM32\WSOCK32.dll
0x00007ff81fc10000 - 0x00007ff81fc7d000 	C:\WINDOWS\System32\WS2_32.dll
0x00007ff81b6d0000 - 0x00007ff81b6f4000 	C:\WINDOWS\SYSTEM32\WINMM.dll
0x00007ff819c60000 - 0x00007ff819c6a000 	C:\WINDOWS\SYSTEM32\VERSION.dll
0x00007ff81b6a0000 - 0x00007ff81b6cd000 	C:\WINDOWS\SYSTEM32\WINMMBASE.dll
0x00007ff81f360000 - 0x00007ff81f3aa000 	C:\WINDOWS\System32\cfgmgr32.dll
0x00000000675c0000 - 0x00000000675cf000 	C:\Program Files\Java\jdk1.8.0_171\jre\bin\verify.dll
0x0000000067590000 - 0x00000000675b9000 	C:\Program Files\Java\jdk1.8.0_171\jre\bin\java.dll
0x0000000067550000 - 0x0000000067585000 	C:\Program Files\Java\jdk1.8.0_171\jre\bin\jdwp.dll
0x0000000067540000 - 0x0000000067548000 	C:\Program Files\Java\jdk1.8.0_171\jre\bin\npt.dll
0x0000000067520000 - 0x0000000067536000 	C:\Program Files\Java\jdk1.8.0_171\jre\bin\zip.dll
0x00007ff8203d0000 - 0x00007ff8218bf000 	C:\WINDOWS\System32\SHELL32.dll
0x00007ff822320000 - 0x00007ff8223c8000 	C:\WINDOWS\System32\shcore.dll
0x00007ff81f3b0000 - 0x00007ff81fafa000 	C:\WINDOWS\System32\windows.storage.dll
0x00007ff81e8f0000 - 0x00007ff81e914000 	C:\WINDOWS\System32\profapi.dll
0x00007ff81e940000 - 0x00007ff81e99d000 	C:\WINDOWS\System32\powrprof.dll
0x00007ff81fdb0000 - 0x00007ff81fe02000 	C:\WINDOWS\System32\shlwapi.dll
0x00007ff81e920000 - 0x00007ff81e931000 	C:\WINDOWS\System32\kernel.appcore.dll
0x00007ff81e9a0000 - 0x00007ff81e9b7000 	C:\WINDOWS\System32\cryptsp.dll
0x0000000067510000 - 0x0000000067519000 	C:\Program Files\Java\jdk1.8.0_171\jre\bin\dt_socket.dll
0x00007ffffa2a0000 - 0x00007ffffa2b6000 	C:\WINDOWS\system32\napinsp.dll
0x00007ffffe1d0000 - 0x00007ffffe1ea000 	C:\WINDOWS\system32\pnrpnsp.dll
0x00007ff81e160000 - 0x00007ff81e1c7000 	C:\WINDOWS\System32\mswsock.dll
0x00007ff81df00000 - 0x00007ff81dfc6000 	C:\WINDOWS\SYSTEM32\DNSAPI.dll
0x00007ff81fb00000 - 0x00007ff81fb08000 	C:\WINDOWS\System32\NSI.dll
0x00007ff81dec0000 - 0x00007ff81defd000 	C:\WINDOWS\SYSTEM32\IPHLPAPI.DLL
0x00007ffffe1f0000 - 0x00007ffffe1fe000 	C:\WINDOWS\System32\winrnr.dll
0x00007ff81b3c0000 - 0x00007ff81b3db000 	C:\WINDOWS\system32\NLAapi.dll
0x00007ff80c750000 - 0x00007ff80c765000 	C:\WINDOWS\system32\wshbth.dll
0x00007ff814720000 - 0x00007ff814799000 	C:\WINDOWS\System32\fwpuclnt.dll
0x00007ff81eba0000 - 0x00007ff81ebc6000 	C:\WINDOWS\System32\bcrypt.dll
0x00007ff815420000 - 0x00007ff81542a000 	C:\Windows\System32\rasadhlp.dll
0x00000000674f0000 - 0x000000006750a000 	C:\Program Files\Java\jdk1.8.0_171\jre\bin\net.dll
0x00000000674d0000 - 0x00000000674e1000 	C:\Program Files\Java\jdk1.8.0_171\jre\bin\nio.dll
0x00007ffff9150000 - 0x00007ffff91b3000 	C:\Users\Brayden\AppData\Local\Temp\lwjglBrayden\3.2.1-build-13\lwjgl.dll
0x00007ffff7040000 - 0x00007ffff709e000 	C:\Users\Brayden\AppData\Local\Temp\lwjglBrayden\3.2.1-build-13\glfw.dll
0x00007ff81cf20000 - 0x00007ff81cfbc000 	C:\WINDOWS\system32\uxtheme.dll
0x00007ffff5ab0000 - 0x00007ffff5af4000 	C:\WINDOWS\SYSTEM32\dinput8.dll
0x00007ff807320000 - 0x00007ff807331000 	C:\WINDOWS\SYSTEM32\xinput1_4.dll
0x00007ff81e6e0000 - 0x00007ff81e709000 	C:\WINDOWS\SYSTEM32\DEVOBJ.dll
0x00007ff81d200000 - 0x00007ff81d22e000 	C:\WINDOWS\SYSTEM32\dwmapi.dll
0x00007ff81e9c0000 - 0x00007ff81eb9b000 	C:\WINDOWS\System32\CRYPT32.dll
0x00007ff81e8d0000 - 0x00007ff81e8e2000 	C:\WINDOWS\System32\MSASN1.dll
0x00007ff80cc90000 - 0x00007ff80cd5c000 	C:\WINDOWS\SYSTEM32\inputhost.dll
0x00007ff81c9b0000 - 0x00007ff81ca92000 	C:\WINDOWS\SYSTEM32\CoreMessaging.dll
0x00007ff81cff0000 - 0x00007ff81d1fd000 	C:\WINDOWS\SYSTEM32\twinapi.appcore.dll
0x00007ff81a6c0000 - 0x00007ff81a9e2000 	C:\WINDOWS\SYSTEM32\CoreUIComponents.dll
0x00007ff81beb0000 - 0x00007ff81c46e000 	C:\WINDOWS\SYSTEM32\d2d1.dll
0x00007ff81bc30000 - 0x00007ff81beae000 	C:\WINDOWS\SYSTEM32\d3d11.dll
0x00007ff81b1b0000 - 0x00007ff81b358000 	C:\WINDOWS\SYSTEM32\PROPSYS.dll
0x00007ff820240000 - 0x00007ff82030b000 	C:\WINDOWS\System32\OLEAUT32.dll
0x00007ff81a500000 - 0x00007ff81a653000 	C:\WINDOWS\SYSTEM32\wintypes.dll
0x00007ff81d230000 - 0x00007ff81d258000 	C:\WINDOWS\SYSTEM32\RMCLIENT.dll
0x00007ff81d660000 - 0x00007ff81d722000 	C:\WINDOWS\SYSTEM32\dxgi.dll
0x00007ff822d00000 - 0x00007ff822e6a000 	C:\WINDOWS\System32\MSCTF.dll
0x00007ff81d5d0000 - 0x00007ff81d5de000 	C:\WINDOWS\SYSTEM32\HID.DLL
0x00007ff821ea0000 - 0x00007ff822315000 	C:\WINDOWS\System32\SETUPAPI.DLL
0x00007ff81ebd0000 - 0x00007ff81ec28000 	C:\WINDOWS\System32\WINTRUST.dll
0x00007ffffde00000 - 0x00007ffffdf27000 	C:\WINDOWS\SYSTEM32\opengl32.dll
0x00007ff810e70000 - 0x00007ff810e9c000 	C:\WINDOWS\SYSTEM32\GLU32.dll
0x0000000065200000 - 0x00000000674c7000 	C:\WINDOWS\SYSTEM32\nvoglv64.DLL
0x00007ff8200d0000 - 0x00007ff820225000 	C:\WINDOWS\System32\ole32.dll
0x00007ff81b3a0000 - 0x00007ff81b3b3000 	C:\WINDOWS\SYSTEM32\WTSAPI32.dll
0x00007ffffd9a0000 - 0x00007ffffdc06000 	C:\WINDOWS\system32\nvspcap64.dll
0x00007ff81d9d0000 - 0x00007ff81da28000 	C:\WINDOWS\SYSTEM32\WINSTA.dll
0x00007ff8109c0000 - 0x00007ff810a55000 	C:\WINDOWS\System32\TextInputFramework.dll
0x00007ff821940000 - 0x00007ff8219e2000 	C:\WINDOWS\System32\clbcatq.dll
0x00007ffff4e50000 - 0x00007ffff4ea8000 	C:\Users\Brayden\AppData\Local\Temp\lwjglBrayden\3.2.1-build-13\lwjgl_opengl.dll
0x00007ffff3a40000 - 0x00007ffff3aae000 	C:\Users\Brayden\AppData\Local\Temp\lwjglBrayden\3.2.1-build-13\lwjgl_nanovg.dll
0x00007fffee240000 - 0x00007fffee2b9000 	C:\Users\Brayden\AppData\Local\Temp\lwjglBrayden\3.2.1-build-13\lwjgl_stb.dll
0x00007ff814650000 - 0x00007ff8146fd000 	C:\WINDOWS\SYSTEM32\mscms.dll
0x00007ff81e800000 - 0x00007ff81e828000 	C:\WINDOWS\SYSTEM32\USERENV.dll
0x00007ff81b480000 - 0x00007ff81b490000 	C:\WINDOWS\SYSTEM32\ColorAdapterClient.dll
0x00007ff80f000000 - 0x00007ff80f043000 	C:\WINDOWS\SYSTEM32\icm32.dll
0x00007ff809520000 - 0x00007ff80970d000 	C:\WINDOWS\SYSTEM32\dbghelp.dll

VM Arguments:
jvm_args: -agentlib:jdwp=transport=dt_socket,suspend=y,address=localhost:51324 -Dfile.encoding=UTF-8 
java_command: nokori.jdialogue.ui.JDialogueIDECore
java_class_path (initial): C:\Program Files\Java\jdk1.8.0_171\jre\lib\resources.jar;C:\Program Files\Java\jdk1.8.0_171\jre\lib\rt.jar;C:\Program Files\Java\jdk1.8.0_171\jre\lib\jsse.jar;C:\Program Files\Java\jdk1.8.0_171\jre\lib\jce.jar;C:\Program Files\Java\jdk1.8.0_171\jre\lib\charsets.jar;C:\Program Files\Java\jdk1.8.0_171\jre\lib\jfr.jar;C:\Program Files\Java\jdk1.8.0_171\jre\lib\ext\access-bridge-64.jar;C:\Program Files\Java\jdk1.8.0_171\jre\lib\ext\cldrdata.jar;C:\Program Files\Java\jdk1.8.0_171\jre\lib\ext\dnsns.jar;C:\Program Files\Java\jdk1.8.0_171\jre\lib\ext\jaccess.jar;C:\Program Files\Java\jdk1.8.0_171\jre\lib\ext\jfxrt.jar;C:\Program Files\Java\jdk1.8.0_171\jre\lib\ext\localedata.jar;C:\Program Files\Java\jdk1.8.0_171\jre\lib\ext\nashorn.jar;C:\Program Files\Java\jdk1.8.0_171\jre\lib\ext\sunec.jar;C:\Program Files\Java\jdk1.8.0_171\jre\lib\ext\sunjce_provider.jar;C:\Program Files\Java\jdk1.8.0_171\jre\lib\ext\sunmscapi.jar;C:\Program Files\Java\jdk1.8.0_171\jre\lib\ext\sunpkcs11.jar;C:\Program Files\Java\jdk1.8.0_171\jre\lib\ext\zipfs.jar;C:\Users\Brayden\git\JDialogue\JDialogueIDE\target\classes;C:\Users\Brayden\.m2\repository\javax\json\javax.json-api\1.1.4\javax.json-api-1.1.4.jar;C:\Users\Brayden\.m2\repository\org\glassfish\javax.json\1.1.4\javax.json-1.1.4.jar;C:\Users\Brayden\.m2\repository\org\joml\joml\1.9.12-SNAPSHOT\joml-1.9.12-SNAPSHOT.jar;C:\Users\Brayden\.m2\repository\org\lwjgl\lwjgl\3.2.1-SNAPSHOT\lwjgl-3.2.1-SNAPSHOT.jar;C:\Users\Brayden\.m2\repository\org\lwjgl\lwjgl-opengl\3.2.1-SNAPSHOT\lwjgl-opengl-3.2.1-SNAPSHOT.jar;C:\Users\Brayden\.m2\repository\org\lwjgl\lwjgl-glfw\3.2.1-SNAPSHOT\lwjgl-glfw-3.2.1-SNAPSHOT.jar;C:\Users\Brayden\.m2\repository\org\lwjgl\lwjgl-nanovg\3.2.1-SNAPSHOT\lwjgl-nanovg-3.2.1-SNAPSHOT.jar;C:\Users\Brayden\.m2\repository\org\lwjgl\lwjgl\3.2.1-SNAPSHOT\lwjgl-3.2.1-SNAPSHOT-natives-windows.jar;C:\Users\Brayden\.m2\repository\org\lwjgl\lwjgl-opengl\3.2.1-SNAPSHOT\lwjgl-opengl-3.2.1-SNAPSHOT-natives-windows.ja
Launcher Type: SUN_STANDARD

Environment Variables:
PATH=C:\Program Files\Java\jdk1.8.0_171\jre\bin;C:/Program Files/Java/jre1.8.0_171/bin/server;C:/Program Files/Java/jre1.8.0_171/bin;C:/Program Files/Java/jre1.8.0_171/lib/amd64;C:\Program Files (x86)\Razer Chroma SDK\bin;C:\Program Files\Razer Chroma SDK\bin;C:\ProgramData\Oracle\Java\javapath;C:\Windows\system32;C:\Windows;C:\Windows\system32\wbem;C:\Program Files\Common Files\Microsoft Shared\Windows Live;C:\Program Files (x86)\Common Files\Microsoft Shared\Windows Live;C:\Program Files (x86)\Intel\iCLS Client;C:\Program Files\Intel\iCLS Client;C:\Windows\System32\WindowsPowerShell\v1.0;C:\Program Files (x86)\Intel\OpenCL SDK\3.0\bin\x86;C:\Program Files (x86)\Intel\OpenCL SDK\3.0\bin\x64;C:\Program Files\Intel\Intel(R) Management Engine Components\DAL;C:\Program Files\Intel\Intel(R) Management Engine Components\IPT;C:\Program Files (x86)\Intel\Intel(R) Management Engine Components\DAL;C:\Program Files (x86)\Intel\Intel(R) Management Engine Components\IPT;C:\Program Files (x86)\Windows Live\Shared;C:\Program Files (x86)\Autodesk\Backburner;C:\Program Files (x86)\NVIDIA Corporation\PhysX\Common;%SystemRoot%\system32;%SystemRoot%;%SystemRoot%\System32\Wbem;%SYSTEMROOT%\System32\WindowsPowerShell\v1.0\;%SYSTEMROOT%\System32\OpenSSH\;C:\Users\Brayden\AppData\Local\Microsoft\WindowsApps;;C:\Program Files\eclipse;
USERNAME=Brayden
OS=Windows_NT
PROCESSOR_IDENTIFIER=Intel64 Family 6 Model 60 Stepping 3, GenuineIntel



---------------  S Y S T E M  ---------------

OS: Windows 10.0 , 64 bit Build 17763 (10.0.17763.292)

CPU:total 4 (initial active 4) (4 cores per cpu, 1 threads per core) family 6 model 60 stepping 3, cmov, cx8, fxsr, mmx, sse, sse2, sse3, ssse3, sse4.1, sse4.2, popcnt, avx, avx2, aes, clmul, erms, lzcnt, tsc, tscinvbit, bmi1, bmi2

Memory: 4k page, physical 8264244k(2999148k free), swap 16652852k(7477624k free)

vm_info: Java HotSpot(TM) 64-Bit Server VM (25.171-b11) for windows-amd64 JRE (1.8.0_171-b11), built on Mar 28 2018 16:06:12 by "java_re" with MS VC++ 10.0 (VS2010)

time: Sun Feb 24 23:37:12 2019
elapsed time: 4 seconds (0d 0h 0m 4s)

